<?xml version="1.0" encoding="UTF-8"?>
<testng-results ignored="0" total="1" passed="1" failed="0" skipped="0">
  <reporter-output>
  </reporter-output>
  <suite started-at="2023-11-29T16:15:12 EET" name="Default suite" finished-at="2023-11-29T16:15:19 EET" duration-ms="6986">
    <groups>
    </groups>
    <test started-at="2023-11-29T16:15:12 EET" name="Default test" finished-at="2023-11-29T16:15:19 EET" duration-ms="6986">
      <class name="Swag.EvenOrOdd">
        <test-method is-config="true" signature="SetUp()[pri:0, instance:Swag.EvenOrOdd@c260bdc]" started-at="2023-11-29T16:15:12 EET" name="SetUp" finished-at="2023-11-29T16:15:15 EET" duration-ms="3123" status="PASS">
          <reporter-output>
          </reporter-output>
        </test-method> <!-- SetUp -->
        <test-method signature="myTest()[pri:0, instance:Swag.EvenOrOdd@c260bdc]" started-at="2023-11-29T16:15:15 EET" name="myTest" finished-at="2023-11-29T16:15:19 EET" duration-ms="3790" status="PASS">
          <reporter-output>
          </reporter-output>
        </test-method> <!-- myTest -->
        <test-method is-config="true" signature="PostTesting()[pri:0, instance:Swag.EvenOrOdd@c260bdc]" started-at="2023-11-29T16:15:19 EET" name="PostTesting" finished-at="2023-11-29T16:15:19 EET" duration-ms="1" status="PASS">
          <reporter-output>
          </reporter-output>
        </test-method> <!-- PostTesting -->
      </class> <!-- Swag.EvenOrOdd -->
    </test> <!-- Default test -->
  </suite> <!-- Default suite -->
</testng-results>
